<?xml version="1.0" encoding="UTF-8"?>
<testng-results skipped="0" failed="0" ignored="0" total="1" passed="1">
  <reporter-output>
  </reporter-output>
  <suite name="Default suite" duration-ms="5221" started-at="2023-12-22T11:01:46Z" finished-at="2023-12-22T11:01:51Z">
    <groups>
    </groups>
    <test name="Default test" duration-ms="5221" started-at="2023-12-22T11:01:46Z" finished-at="2023-12-22T11:01:51Z">
      <class name="com.simpliliearn.RestAPIPhase3Project.EndToEndTest">
        <test-method status="PASS" signature="runtestCases()[pri:0, instance:com.simpliliearn.RestAPIPhase3Project.EndToEndTest@16aa0a0a]" name="runtestCases" duration-ms="5189" started-at="2023-12-22T11:01:46Z" finished-at="2023-12-22T11:01:51Z">
          <reporter-output>
          </reporter-output>
        </test-method> <!-- runtestCases -->
      </class> <!-- com.simpliliearn.RestAPIPhase3Project.EndToEndTest -->
    </test> <!-- Default test -->
  </suite> <!-- Default suite -->
</testng-results>
